<?xml version="1.0" encoding="UTF-8"?>
<!-- Generated by org.testng.reporters.JUnitXMLReporter -->
<testsuite ignored="0" hostname="DESKTOP-99P843S" failures="1" tests="5" name="cross-browser" time="28.324" errors="0" timestamp="2024-04-12T11:04:55 IST">
  <testcase classname="com.framevork_design.test_case.logIn" name="LogIN_Test" time="0.162">
    <failure type="java.lang.IllegalArgumentException" message="Keys to send should be a not null CharSequence">
      <![CDATA[java.lang.IllegalArgumentException: Keys to send should be a not null CharSequence
at org.openqa.selenium.remote.RemoteWebElement.sendKeys(RemoteWebElement.java:97)
at org.openqa.selenium.support.pagefactory.internal.LocatingElementHandler.invoke(LocatingElementHandler.java:51)
at jdk.proxy2/jdk.proxy2.$Proxy16.sendKeys(Unknown Source)
at com.framevork_design.POM.LogIN.LogIn(LogIN.java:36)
at com.framevork_design.test_case.logIn.LogIN_Test(logIn.java:19)
at java.base/java.util.ArrayList.forEach(ArrayList.java:1511)
... Removed 31 stack frames]]>
    </failure>
  </testcase> <!-- LogIN_Test -->
  <testcase classname="com.framevork_design.test_case.logIn" name="LogIN_Test" time="1.357"/>
  <testcase classname="com.framevork_design.test_case.logIn" name="LogIN_Test" time="2.028"/>
  <testcase classname="com.framevork_design.test_case.logIn" name="LogIN_Test" time="1.976"/>
  <testcase classname="com.framevork_design.test_case.logIn" name="LogIN_Test" time="2.071"/>
</testsuite> <!-- cross-browser -->
