<?xml version="1.0" encoding="UTF-8"?>
<testng-results ignored="0" total="5" passed="4" failed="1" skipped="0">
  <reporter-output>
  </reporter-output>
  <suite started-at="2024-04-12T11:04:26 IST" name="Suite" finished-at="2024-04-12T11:04:55 IST" duration-ms="28324">
    <groups>
    </groups>
    <test started-at="2024-04-12T11:04:26 IST" name="cross-browser" finished-at="2024-04-12T11:04:55 IST" duration-ms="28324">
      <class name="com.framevork_design.test_case.logIn">
        <test-method is-config="true" signature="setUp(java.lang.String,org.testng.ITestContext)[pri:0, instance:com.framevork_design.test_case.logIn@235834f2]" started-at="2024-04-12T11:04:27 IST" name="setUp" finished-at="2024-04-12T11:04:41 IST" duration-ms="14342" status="PASS">
          <params>
            <param index="0">
              <value>
                <![CDATA[Chrome]]>
              </value>
            </param>
            <param index="1">
              <value>
                <![CDATA[org.testng.TestRunner@7d97e06c]]>
              </value>
            </param>
          </params>
          <reporter-output>
          </reporter-output>
        </test-method> <!-- setUp -->
        <test-method signature="LogIN_Test(java.lang.String,java.lang.String)[pri:0, instance:com.framevork_design.test_case.logIn@235834f2]" started-at="2024-04-12T11:04:44 IST" name="LogIN_Test" data-provider="Test_data" finished-at="2024-04-12T11:04:44 IST" duration-ms="162" status="FAIL">
          <params>
            <param index="0">
              <value is-null="true"/>
            </param>
            <param index="1">
              <value is-null="true"/>
            </param>
          </params>
          <exception class="java.lang.IllegalArgumentException">
            <message>
              <![CDATA[Keys to send should be a not null CharSequence]]>
            </message>
            <full-stacktrace>
              <![CDATA[java.lang.IllegalArgumentException: Keys to send should be a not null CharSequence
at org.openqa.selenium.remote.RemoteWebElement.sendKeys(RemoteWebElement.java:97)
at java.base/jdk.internal.reflect.NativeMethodAccessorImpl.invoke0(Native Method)
at java.base/jdk.internal.reflect.NativeMethodAccessorImpl.invoke(NativeMethodAccessorImpl.java:77)
at java.base/jdk.internal.reflect.DelegatingMethodAccessorImpl.invoke(DelegatingMethodAccessorImpl.java:43)
at java.base/java.lang.reflect.Method.invoke(Method.java:568)
at org.openqa.selenium.support.pagefactory.internal.LocatingElementHandler.invoke(LocatingElementHandler.java:51)
at jdk.proxy2/jdk.proxy2.$Proxy16.sendKeys(Unknown Source)
at com.framevork_design.POM.LogIN.LogIn(LogIN.java:36)
at com.framevork_design.test_case.logIn.LogIN_Test(logIn.java:19)
at java.base/jdk.internal.reflect.NativeMethodAccessorImpl.invoke0(Native Method)
at java.base/jdk.internal.reflect.NativeMethodAccessorImpl.invoke(NativeMethodAccessorImpl.java:77)
at java.base/jdk.internal.reflect.DelegatingMethodAccessorImpl.invoke(DelegatingMethodAccessorImpl.java:43)
at java.base/java.lang.reflect.Method.invoke(Method.java:568)
at org.testng.internal.invokers.MethodInvocationHelper.invokeMethod(MethodInvocationHelper.java:139)
at org.testng.internal.invokers.TestInvoker.invokeMethod(TestInvoker.java:664)
at org.testng.internal.invokers.TestInvoker.invokeTestMethod(TestInvoker.java:227)
at org.testng.internal.invokers.MethodRunner.runInSequence(MethodRunner.java:50)
at org.testng.internal.invokers.TestInvoker$MethodInvocationAgent.invoke(TestInvoker.java:957)
at org.testng.internal.invokers.TestInvoker.invokeTestMethods(TestInvoker.java:200)
at org.testng.internal.invokers.TestMethodWorker.invokeTestMethods(TestMethodWorker.java:148)
at org.testng.internal.invokers.TestMethodWorker.run(TestMethodWorker.java:128)
at java.base/java.util.ArrayList.forEach(ArrayList.java:1511)
at org.testng.TestRunner.privateRun(TestRunner.java:848)
at org.testng.TestRunner.run(TestRunner.java:621)
at org.testng.SuiteRunner.runTest(SuiteRunner.java:443)
at org.testng.SuiteRunner.runSequentially(SuiteRunner.java:437)
at org.testng.SuiteRunner.privateRun(SuiteRunner.java:397)
at org.testng.SuiteRunner.run(SuiteRunner.java:336)
at org.testng.SuiteRunnerWorker.runSuite(SuiteRunnerWorker.java:52)
at org.testng.SuiteRunnerWorker.run(SuiteRunnerWorker.java:95)
at org.testng.TestNG.runSuitesSequentially(TestNG.java:1280)
at org.testng.TestNG.runSuitesLocally(TestNG.java:1200)
at org.testng.TestNG.runSuites(TestNG.java:1114)
at org.testng.TestNG.run(TestNG.java:1082)
at org.testng.remote.AbstractRemoteTestNG.run(AbstractRemoteTestNG.java:115)
at org.testng.remote.RemoteTestNG.initAndRun(RemoteTestNG.java:251)
at org.testng.remote.RemoteTestNG.main(RemoteTestNG.java:77)
]]>
            </full-stacktrace>
          </exception> <!-- java.lang.IllegalArgumentException -->
          <reporter-output>
          </reporter-output>
        </test-method> <!-- LogIN_Test -->
        <test-method signature="LogIN_Test(java.lang.String,java.lang.String)[pri:0, instance:com.framevork_design.test_case.logIn@235834f2]" started-at="2024-04-12T11:04:44 IST" name="LogIN_Test" data-provider="Test_data" finished-at="2024-04-12T11:04:45 IST" duration-ms="1357" status="PASS">
          <params>
            <param index="0">
              <value>
                <![CDATA[admin1]]>
              </value>
            </param>
            <param index="1">
              <value>
                <![CDATA[Admin123]]>
              </value>
            </param>
          </params>
          <reporter-output>
          </reporter-output>
        </test-method> <!-- LogIN_Test -->
        <test-method signature="LogIN_Test(java.lang.String,java.lang.String)[pri:0, instance:com.framevork_design.test_case.logIn@235834f2]" started-at="2024-04-12T11:04:45 IST" name="LogIN_Test" data-provider="Test_data" finished-at="2024-04-12T11:04:47 IST" duration-ms="2028" status="PASS">
          <params>
            <param index="0">
              <value>
                <![CDATA[Admin]]>
              </value>
            </param>
            <param index="1">
              <value>
                <![CDATA[adMIN123]]>
              </value>
            </param>
          </params>
          <reporter-output>
          </reporter-output>
        </test-method> <!-- LogIN_Test -->
        <test-method signature="LogIN_Test(java.lang.String,java.lang.String)[pri:0, instance:com.framevork_design.test_case.logIn@235834f2]" started-at="2024-04-12T11:04:47 IST" name="LogIN_Test" data-provider="Test_data" finished-at="2024-04-12T11:04:49 IST" duration-ms="1976" status="PASS">
          <params>
            <param index="0">
              <value>
                <![CDATA[aDMiN]]>
              </value>
            </param>
            <param index="1">
              <value>
                <![CDATA[Addmin]]>
              </value>
            </param>
          </params>
          <reporter-output>
          </reporter-output>
        </test-method> <!-- LogIN_Test -->
        <test-method signature="LogIN_Test(java.lang.String,java.lang.String)[pri:0, instance:com.framevork_design.test_case.logIn@235834f2]" started-at="2024-04-12T11:04:49 IST" name="LogIN_Test" data-provider="Test_data" finished-at="2024-04-12T11:04:51 IST" duration-ms="2071" status="PASS">
          <params>
            <param index="0">
              <value>
                <![CDATA[Admin]]>
              </value>
            </param>
            <param index="1">
              <value>
                <![CDATA[admin123]]>
              </value>
            </param>
          </params>
          <reporter-output>
          </reporter-output>
        </test-method> <!-- LogIN_Test -->
        <test-method is-config="true" signature="tearDown()[pri:0, instance:com.framevork_design.test_case.logIn@235834f2]" started-at="2024-04-12T11:04:51 IST" name="tearDown" finished-at="2024-04-12T11:04:55 IST" duration-ms="3365" status="PASS">
          <reporter-output>
          </reporter-output>
        </test-method> <!-- tearDown -->
      </class> <!-- com.framevork_design.test_case.logIn -->
    </test> <!-- cross-browser -->
  </suite> <!-- Suite -->
</testng-results>
